Base path: /Applications/Unity/UnityCpy.app/Contents
Pipe name: \\.\pipe\UnityShaderCompiler-64bit-1-2058736384
Cmd: getPlatforms
Cmd: preprocess
  insize=1605 outsize=1080 ok=1
Cmd: compileSnippet
  api=0 type=0 insize=861 outsize=932 kw=SHADOWS_DEPTH pd= ok=1
Cmd: compileSnippet
  api=0 type=1 insize=861 outsize=6 kw=SHADOWS_DEPTH pd= ok=1
Cmd: preprocess
  insize=1382 outsize=479 ok=1
Cmd: compileSnippet
  api=0 type=0 insize=1205 outsize=533 kw=SOFTPARTICLES_OFF pd= ok=1
Cmd: compileSnippet
  api=0 type=1 insize=1205 outsize=6 kw=SOFTPARTICLES_OFF pd= ok=1
Cmd: preprocess
  insize=213 outsize=210 ok=1
Cmd: preprocess
  insize=1704 outsize=1176 ok=1
Cmd: compileSnippet
  api=0 type=0 insize=861 outsize=932 kw=SHADOWS_DEPTH pd= ok=1
Cmd: compileSnippet
  api=0 type=1 insize=861 outsize=6 kw=SHADOWS_DEPTH pd= ok=1
Cmd: compileSnippet
  api=0 type=0 insize=1470 outsize=583 kw= pd= ok=1
Cmd: compileSnippet
  api=0 type=1 insize=1470 outsize=6 kw= pd= ok=1
Cmd: compileSnippet
  api=0 type=0 insize=1162 outsize=355 kw= pd= ok=1
Cmd: compileSnippet
  api=0 type=1 insize=1162 outsize=6 kw= pd= ok=1
Cmd: compileSnippet
  api=0 type=0 insize=4017 outsize=1613 kw= pd= ok=1
Cmd: compileSnippet
  api=0 type=1 insize=4017 outsize=6 kw= pd= ok=1
Cmd: compileSnippet
  api=0 type=0 insize=13030 outsize=6315 kw=UNITY_COLORSPACE_GAMMA _SUNDISK_SIMPLE pd= ok=1
Cmd: compileSnippet
  api=0 type=1 insize=13030 outsize=6 kw=UNITY_COLORSPACE_GAMMA _SUNDISK_SIMPLE pd= ok=1
